"Uncaught TypeError: stream.write is not a function"
"Uncaught TypeError: stream.write is not a function"
"Uncaught TypeError: stream.write is not a function"
"Uncaught TypeError: stream.write is not a function"
"Uncaught TypeError: stream.write is not a function"
"Uncaught TypeError: stream.write is not a function"
"Uncaught TypeError: stream.write is not a function"
"Uncaught TypeError: stream.write is not a function"
"Uncaught TypeError: stream.write is not a function"
"Uncaught TypeError: stream.write is not a function"
"Uncaught TypeError: stream.write is not a function"
"Uncaught TypeError: stream.write is not a function"
"Uncaught TypeError: stream.write is not a function"
"Uncaught TypeError: stream.write is not a function"
"Uncaught TypeError: stream.write is not a function"
"Uncaught TypeError: stream.write is not a function"
"Uncaught TypeError: stream.write is not a function"
"Uncaught TypeError: stream.write is not a function"
"Uncaught TypeError: stream.write is not a function"
"Uncaught TypeError: stream.write is not a function"
"Uncaught TypeError: stream.write is not a function"
"Uncaught TypeError: stream.write is not a function"
"Uncaught TypeError: stream.write is not a function"
"Uncaught TypeError: stream.write is not a function"
"Uncaught TypeError: stream.write is not a function"
"Uncaught TypeError: stream.write is not a function"
"Uncaught TypeError: stream.write is not a function"
"Uncaught TypeError: stream.write is not a function"
"Uncaught TypeError: stream.write is not a function"
"Uncaught TypeError: stream.write is not a function"
"Uncaught TypeError: stream.write is not a function"
"Uncaught TypeError: stream.write is not a function"
"Uncaught Error: Oops!"
"Error: user"
"TypeError: Cannot create property 'Symbol(level)' on string 'Error: Error from getAllUsers"
"Error: Error from getAllUsers"
"TypeError: Cannot read property 'map' of undefined"
"Error: Error from getAllUsers"
"TypeError: Cannot read property 'map' of undefined"
"error"
"TypeError: Cannot read property 'map' of undefined"
"Error: Error from getAllUsers"
"TypeError: Cannot read property 'map' of undefined"
"Promise ReferenceError: logger is not defined"
"Error: Task ID"
