2020-10-18 20:24:00 +0000 — Error: USER ID ERROR
    at C:\github\rsapp-express-rest\src\resources\users\user.router.js:18:11
    at Layer.handle [as handle_request] (C:\github\rsapp-express-rest\node_modules\express\lib\router\layer.js:95:5)
    at next (C:\github\rsapp-express-rest\node_modules\express\lib\router\route.js:137:13)
    at Route.dispatch (C:\github\rsapp-express-rest\node_modules\express\lib\router\route.js:112:3)
    at Layer.handle [as handle_request] (C:\github\rsapp-express-rest\node_modules\express\lib\router\layer.js:95:5)
    at C:\github\rsapp-express-rest\node_modules\express\lib\router\index.js:281:22
    at param (C:\github\rsapp-express-rest\node_modules\express\lib\router\index.js:354:14)
    at param (C:\github\rsapp-express-rest\node_modules\express\lib\router\index.js:365:14)
    at Function.process_params (C:\github\rsapp-express-rest\node_modules\express\lib\router\index.js:410:3)
    at next (C:\github\rsapp-express-rest\node_modules\express\lib\router\index.js:275:10)
2020-10-18 20:24:00 +0000 — Promise ReferenceError: next is not defined
    at C:\github\rsapp-express-rest\src\resources\users\user.router.js:27:5
    at Layer.handle [as handle_request] (C:\github\rsapp-express-rest\node_modules\express\lib\router\layer.js:95:5)
    at next (C:\github\rsapp-express-rest\node_modules\express\lib\router\route.js:137:13)
    at Route.dispatch (C:\github\rsapp-express-rest\node_modules\express\lib\router\route.js:112:3)
    at Layer.handle [as handle_request] (C:\github\rsapp-express-rest\node_modules\express\lib\router\layer.js:95:5)
    at C:\github\rsapp-express-rest\node_modules\express\lib\router\index.js:281:22
    at param (C:\github\rsapp-express-rest\node_modules\express\lib\router\index.js:354:14)
    at param (C:\github\rsapp-express-rest\node_modules\express\lib\router\index.js:365:14)
    at Function.process_params (C:\github\rsapp-express-rest\node_modules\express\lib\router\index.js:410:3)
    at next (C:\github\rsapp-express-rest\node_modules\express\lib\router\index.js:275:10)
2020-10-18 20:24:31 +0000 — Error: USER ID ERROR
    at C:\github\rsapp-express-rest\src\resources\users\user.router.js:18:11
    at Layer.handle [as handle_request] (C:\github\rsapp-express-rest\node_modules\express\lib\router\layer.js:95:5)
    at next (C:\github\rsapp-express-rest\node_modules\express\lib\router\route.js:137:13)
    at Route.dispatch (C:\github\rsapp-express-rest\node_modules\express\lib\router\route.js:112:3)
    at Layer.handle [as handle_request] (C:\github\rsapp-express-rest\node_modules\express\lib\router\layer.js:95:5)
    at C:\github\rsapp-express-rest\node_modules\express\lib\router\index.js:281:22
    at param (C:\github\rsapp-express-rest\node_modules\express\lib\router\index.js:354:14)
    at param (C:\github\rsapp-express-rest\node_modules\express\lib\router\index.js:365:14)
    at Function.process_params (C:\github\rsapp-express-rest\node_modules\express\lib\router\index.js:410:3)
    at next (C:\github\rsapp-express-rest\node_modules\express\lib\router\index.js:275:10)
2020-10-18 20:24:31 +0000 — Promise ReferenceError: err is not defined
    at C:\github\rsapp-express-rest\src\resources\users\user.router.js:27:10
    at Layer.handle [as handle_request] (C:\github\rsapp-express-rest\node_modules\express\lib\router\layer.js:95:5)
    at next (C:\github\rsapp-express-rest\node_modules\express\lib\router\route.js:137:13)
    at Route.dispatch (C:\github\rsapp-express-rest\node_modules\express\lib\router\route.js:112:3)
    at Layer.handle [as handle_request] (C:\github\rsapp-express-rest\node_modules\express\lib\router\layer.js:95:5)
    at C:\github\rsapp-express-rest\node_modules\express\lib\router\index.js:281:22
    at param (C:\github\rsapp-express-rest\node_modules\express\lib\router\index.js:354:14)
    at param (C:\github\rsapp-express-rest\node_modules\express\lib\router\index.js:365:14)
    at Function.process_params (C:\github\rsapp-express-rest\node_modules\express\lib\router\index.js:410:3)
    at next (C:\github\rsapp-express-rest\node_modules\express\lib\router\index.js:275:10)
2020-10-18 20:25:02 +0000 — Error: USER ID ERROR
    at C:\github\rsapp-express-rest\src\resources\users\user.router.js:18:11
    at Layer.handle [as handle_request] (C:\github\rsapp-express-rest\node_modules\express\lib\router\layer.js:95:5)
    at next (C:\github\rsapp-express-rest\node_modules\express\lib\router\route.js:137:13)
    at Route.dispatch (C:\github\rsapp-express-rest\node_modules\express\lib\router\route.js:112:3)
    at Layer.handle [as handle_request] (C:\github\rsapp-express-rest\node_modules\express\lib\router\layer.js:95:5)
    at C:\github\rsapp-express-rest\node_modules\express\lib\router\index.js:281:22
    at param (C:\github\rsapp-express-rest\node_modules\express\lib\router\index.js:354:14)
    at param (C:\github\rsapp-express-rest\node_modules\express\lib\router\index.js:365:14)
    at Function.process_params (C:\github\rsapp-express-rest\node_modules\express\lib\router\index.js:410:3)
    at next (C:\github\rsapp-express-rest\node_modules\express\lib\router\index.js:275:10)
2020-10-18 20:25:10 +0000 — Error: USER ID ERROR
    at C:\github\rsapp-express-rest\src\resources\users\user.router.js:18:11
    at Layer.handle [as handle_request] (C:\github\rsapp-express-rest\node_modules\express\lib\router\layer.js:95:5)
    at next (C:\github\rsapp-express-rest\node_modules\express\lib\router\route.js:137:13)
    at Route.dispatch (C:\github\rsapp-express-rest\node_modules\express\lib\router\route.js:112:3)
    at Layer.handle [as handle_request] (C:\github\rsapp-express-rest\node_modules\express\lib\router\layer.js:95:5)
    at C:\github\rsapp-express-rest\node_modules\express\lib\router\index.js:281:22
    at param (C:\github\rsapp-express-rest\node_modules\express\lib\router\index.js:354:14)
    at param (C:\github\rsapp-express-rest\node_modules\express\lib\router\index.js:365:14)
    at Function.process_params (C:\github\rsapp-express-rest\node_modules\express\lib\router\index.js:410:3)
    at next (C:\github\rsapp-express-rest\node_modules\express\lib\router\index.js:275:10)
2020-10-18 20:26:45 +0000 — Error: USER ID ERROR
    at C:\github\rsapp-express-rest\src\resources\users\user.router.js:18:11
    at Layer.handle [as handle_request] (C:\github\rsapp-express-rest\node_modules\express\lib\router\layer.js:95:5)
    at next (C:\github\rsapp-express-rest\node_modules\express\lib\router\route.js:137:13)
    at Route.dispatch (C:\github\rsapp-express-rest\node_modules\express\lib\router\route.js:112:3)
    at Layer.handle [as handle_request] (C:\github\rsapp-express-rest\node_modules\express\lib\router\layer.js:95:5)
    at C:\github\rsapp-express-rest\node_modules\express\lib\router\index.js:281:22
    at param (C:\github\rsapp-express-rest\node_modules\express\lib\router\index.js:354:14)
    at param (C:\github\rsapp-express-rest\node_modules\express\lib\router\index.js:365:14)
    at Function.process_params (C:\github\rsapp-express-rest\node_modules\express\lib\router\index.js:410:3)
    at next (C:\github\rsapp-express-rest\node_modules\express\lib\router\index.js:275:10)
2020-10-18 20:26:45 +0000 — Error: USER ID ERROR with 500 status code
2020-10-18 20:26:45 +0000 — 18/Oct/2020:20:26:45 +0000 GET 500 /users/c8759a93-4fdd-42eb-b83c-c15472878c38 — QUERY:{} — BODY:{} 88.763 ms

2020-10-18 20:27:46 +0000 — Error: USER ID ERROR
2020-10-18 20:27:46 +0000 — Error: USER ID ERROR with 500 status code
2020-10-18 20:27:46 +0000 — 18/Oct/2020:20:27:46 +0000 GET 500 /users/c8759a93-4fdd-42eb-b83c-c15472878c38 — QUERY:{} — BODY:{} 54.223 ms
2020-10-18 20:27:56 +0000 — r
2020-10-18 20:27:56 +0000 — r
2020-10-18 20:27:56 +0000 — 8
2020-10-18 20:28:27 +0000 — Error: USER ID ERROR,    at C:\github\rsapp-express-rest\src\resources\users\user.router.js:18:11,    at Layer.handle [as handle_request] (C:\github\rsapp-express-rest\node_modules\express\lib\router\layer.js:95:5),    at next (C:\github\rsapp-express-rest\node_modules\express\lib\router\route.js:137:13),    at Route.dispatch (C:\github\rsapp-express-rest\node_modules\express\lib\router\route.js:112:3),    at Layer.handle [as handle_request] (C:\github\rsapp-express-rest\node_modules\express\lib\router\layer.js:95:5),    at C:\github\rsapp-express-rest\node_modules\express\lib\router\index.js:281:22,    at param (C:\github\rsapp-express-rest\node_modules\express\lib\router\index.js:354:14),    at param (C:\github\rsapp-express-rest\node_modules\express\lib\router\index.js:365:14),    at Function.process_params (C:\github\rsapp-express-rest\node_modules\express\lib\router\index.js:410:3),    at next (C:\github\rsapp-express-rest\node_modules\express\lib\router\index.js:275:10)
2020-10-18 20:28:27 +0000 — Error: USER ID ERROR with 500 status code
2020-10-18 20:28:27 +0000 — 18/Oct/2020:20:28:27 +0000 GET 500 /users/c8759a93-4fdd-42eb-b83c-c15472878c38 — QUERY:{} — BODY:{} 182.113 ms,
2020-10-18 20:28:40 +0000 —     at C:\github\rsapp-express-rest\src\resources\users\user.router.js:18:11
2020-10-18 20:28:40 +0000 — undefined
2020-10-18 20:28:40 +0000 — 
2020-10-18 20:29:17 +0000 — Error: USER ID ERROR
2020-10-18 20:29:17 +0000 — Error: USER ID ERROR with 500 status code
2020-10-18 20:29:17 +0000 — 18/Oct/2020:20:29:17 +0000 GET 500 /users/c8759a93-4fdd-42eb-b83c-c15472878c38 — QUERY:{} — BODY:{} 29.098 ms
2020-10-18 20:30:54 +0000 — Error: USER ID ERROR
2020-10-18 20:32:00 +0000 — Error: USER ID ERROR
    at C:\github\rsapp-express-rest\src\resources\users\user.router.js:18:11
    at Layer.handle [as handle_request] (C:\github\rsapp-express-rest\node_modules\express\lib\router\layer.js:95:5)
    at next (C:\github\rsapp-express-rest\node_modules\express\lib\router\route.js:137:13)
    at Route.dispatch (C:\github\rsapp-express-rest\node_modules\express\lib\router\route.js:112:3)
    at Layer.handle [as handle_request] (C:\github\rsapp-express-rest\node_modules\express\lib\router\layer.js:95:5)
    at C:\github\rsapp-express-rest\node_modules\express\lib\router\index.js:281:22
    at param (C:\github\rsapp-express-rest\node_modules\express\lib\router\index.js:354:14)
    at param (C:\github\rsapp-express-rest\node_modules\express\lib\router\index.js:365:14)
    at Function.process_params (C:\github\rsapp-express-rest\node_modules\express\lib\router\index.js:410:3)
    at next (C:\github\rsapp-express-rest\node_modules\express\lib\router\index.js:275:10)
2020-10-18 20:32:18 +0000 — Error: USER ID ERROR
    at C:\github\rsapp-express-rest\src\resources\users\user.router.js:18:11
    at Layer.handle [as handle_request] (C:\github\rsapp-express-rest\node_modules\express\lib\router\layer.js:95:5)
    at next (C:\github\rsapp-express-rest\node_modules\express\lib\router\route.js:137:13)
    at Route.dispatch (C:\github\rsapp-express-rest\node_modules\express\lib\router\route.js:112:3)
    at Layer.handle [as handle_request] (C:\github\rsapp-express-rest\node_modules\express\lib\router\layer.js:95:5)
    at C:\github\rsapp-express-rest\node_modules\express\lib\router\index.js:281:22
    at param (C:\github\rsapp-express-rest\node_modules\express\lib\router\index.js:354:14)
    at param (C:\github\rsapp-express-rest\node_modules\express\lib\router\index.js:365:14)
    at Function.process_params (C:\github\rsapp-express-rest\node_modules\express\lib\router\index.js:410:3)
    at next (C:\github\rsapp-express-rest\node_modules\express\lib\router\index.js:275:10)
2020-10-18 20:32:19 +0000 — 18/Oct/2020:20:32:19 +0000 GET - /users/c8759a93-4fdd-42eb-b83c-c15472878c38 — QUERY:{} — BODY:{} - ms

2020-10-18 20:32:19 +0000 — Error: USER ID ERROR
    at C:\github\rsapp-express-rest\src\resources\users\user.router.js:18:11
    at Layer.handle [as handle_request] (C:\github\rsapp-express-rest\node_modules\express\lib\router\layer.js:95:5)
    at next (C:\github\rsapp-express-rest\node_modules\express\lib\router\route.js:137:13)
    at Route.dispatch (C:\github\rsapp-express-rest\node_modules\express\lib\router\route.js:112:3)
    at Layer.handle [as handle_request] (C:\github\rsapp-express-rest\node_modules\express\lib\router\layer.js:95:5)
    at C:\github\rsapp-express-rest\node_modules\express\lib\router\index.js:281:22
    at param (C:\github\rsapp-express-rest\node_modules\express\lib\router\index.js:354:14)
    at param (C:\github\rsapp-express-rest\node_modules\express\lib\router\index.js:365:14)
    at Function.process_params (C:\github\rsapp-express-rest\node_modules\express\lib\router\index.js:410:3)
    at next (C:\github\rsapp-express-rest\node_modules\express\lib\router\index.js:275:10)
2020-10-18 20:32:36 +0000 — 18/Oct/2020:20:32:36 +0000 GET - /users/c8759a93-4fdd-42eb-b83c-c15472878c38 — QUERY:{} — BODY:{} - ms

2020-10-18 20:33:04 +0000 — 18/Oct/2020:20:33:04 +0000 GET 404 /users/c8759a93-4fdd-42eb-b83c-c15472878c38 — QUERY:{} — BODY:{} 17.633 ms

2020-10-18 20:33:11 +0000 — 18/Oct/2020:20:33:11 +0000 GET 404 /users/c8759a93-4fdd-42eb-b83c-c15472878c38adsa — QUERY:{} — BODY:{} 0.633 ms

2020-10-18 20:34:30 +0000 — USER ID ERROR
2020-10-18 20:34:30 +0000 — Error: USER ID ERROR with 500 status code
2020-10-18 20:34:30 +0000 — 18/Oct/2020:20:34:30 +0000 GET 500 /users/c8759a93-4fdd-42eb-b83c-c15472878c38adsa — QUERY:{} — BODY:{} 30.241 ms

2020-10-18 20:35:20 +0000 — USER ID ERROR E
2020-10-18 20:35:46 +0000 — USER ID ERROR Error: USER ID ERROR
2020-10-18 20:41:43 +0000 — Uncaught ReferenceError: handler is not defined
    at Object.<anonymous> (C:\github\rsapp-express-rest\src\app.js:48:9)
    at Module._compile (internal/modules/cjs/loader.js:1015:30)
    at Object.Module._extensions..js (internal/modules/cjs/loader.js:1035:10)
    at Module.load (internal/modules/cjs/loader.js:879:32)
    at Function.Module._load (internal/modules/cjs/loader.js:724:14)
    at Module.require (internal/modules/cjs/loader.js:903:19)
    at require (internal/modules/cjs/helpers.js:74:18)
    at Object.<anonymous> (C:\github\rsapp-express-rest\src\server.js:2:13)
    at Module._compile (internal/modules/cjs/loader.js:1015:30)
    at Object.Module._extensions..js (internal/modules/cjs/loader.js:1035:10)
2020-10-18 20:42:07 +0000 — 18/Oct/2020:20:42:07 +0000 GET 200 /users — QUERY:{} — BODY:{} 6.416 ms

2020-10-18 20:42:16 +0000 — USER ID ERROR
2020-10-18 20:42:28 +0000 — 18/Oct/2020:20:42:28 +0000 GET - /users/handler — QUERY:{} — BODY:{} - ms

2020-10-18 20:44:33 +0000 — 18/Oct/2020:20:44:33 +0000 GET 200 /users — QUERY:{} — BODY:{} 11.213 ms

2020-10-18 20:44:39 +0000 — USER ID ERROR
2020-10-18 20:44:39 +0000 — Error: USER ID ERROR broke with 500 status code
2020-10-18 20:44:39 +0000 — 18/Oct/2020:20:44:39 +0000 GET 500 /users/hanler — QUERY:{} — BODY:{} 19.763 ms

