"17/Oct/2020:21:56:27 +0000 GET 404 /users/123 — QUERY:{} — BODY:{} 3.429 ms"
"17/Oct/2020:21:56:36 +0000 GET 200 /boards — QUERY:{} — BODY:{} 0.854 ms"
"17/Oct/2020:22:02:10 +0000 GET 200 /boards — QUERY:{} — BODY:{} 3.179 ms"
"Uncaught TypeError: stream.write is not a function"
"Uncaught TypeError: stream.write is not a function"
"Uncaught TypeError: stream.write is not a function"
"Uncaught TypeError: stream.write is not a function"
"Uncaught TypeError: stream.write is not a function"
"Uncaught TypeError: stream.write is not a function"
"Uncaught TypeError: stream.write is not a function"
"Uncaught TypeError: stream.write is not a function"
"Uncaught TypeError: stream.write is not a function"
"Uncaught TypeError: stream.write is not a function"
"Uncaught TypeError: stream.write is not a function"
"Uncaught TypeError: stream.write is not a function"
"Uncaught TypeError: stream.write is not a function"
"Uncaught TypeError: stream.write is not a function"
"Uncaught TypeError: stream.write is not a function"
"Uncaught TypeError: stream.write is not a function"
"Uncaught TypeError: stream.write is not a function"
"Uncaught TypeError: stream.write is not a function"
"Uncaught TypeError: stream.write is not a function"
"Uncaught TypeError: stream.write is not a function"
"Uncaught TypeError: stream.write is not a function"
"Uncaught TypeError: stream.write is not a function"
"Uncaught TypeError: stream.write is not a function"
"Uncaught TypeError: stream.write is not a function"
"Uncaught TypeError: stream.write is not a function"
"Uncaught TypeError: stream.write is not a function"
"Uncaught TypeError: stream.write is not a function"
"Uncaught TypeError: stream.write is not a function"
"Uncaught TypeError: stream.write is not a function"
"Uncaught TypeError: stream.write is not a function"
"Uncaught TypeError: stream.write is not a function"
"Uncaught TypeError: stream.write is not a function"
"18/Oct/2020:08:34:51 +0000 GET 200 /boards — QUERY:{} — BODY:{} 6.894 ms"
"18/Oct/2020:08:35:50 +0000 GET 200 /boards — QUERY:{} — BODY:{} 13.562 ms"
"18/Oct/2020:08:35:52 +0000 GET 200 /boards — QUERY:{} — BODY:{} 1.540 ms"
"18/Oct/2020:08:35:52 +0000 GET 200 /boards — QUERY:{} — BODY:{} 1.317 ms"
"18/Oct/2020:08:35:53 +0000 GET 200 /boards — QUERY:{} — BODY:{} 1.494 ms"
"18/Oct/2020:08:35:53 +0000 GET 200 /boards — QUERY:{} — BODY:{} 1.128 ms"
"18/Oct/2020:08:35:53 +0000 GET 200 /boards — QUERY:{} — BODY:{} 1.480 ms"
"18/Oct/2020:08:35:54 +0000 GET 200 /boards — QUERY:{} — BODY:{} 1.187 ms"
"18/Oct/2020:08:35:54 +0000 GET 200 /boards — QUERY:{} — BODY:{} 1.124 ms"
"Uncaught Error: Oops!"
"18/Oct/2020:08:48:23 +0000 GET 200 /boards — QUERY:{} — BODY:{} 18.760 ms"
"Error: user"
"TypeError: Cannot create property 'Symbol(level)' on string 'Error: Error from getAllUsers"
"Error: Error from getAllUsers"
"TypeError: Cannot read property 'map' of undefined"
"Error: Error from getAllUsers"
"TypeError: Cannot read property 'map' of undefined"
"error"
"TypeError: Cannot read property 'map' of undefined"
"Error: Error from getAllUsers"
"TypeError: Cannot read property 'map' of undefined"
"Promise ReferenceError: logger is not defined"
"Error: Task ID"
