2020-10-25 11:29:29 +0000 — 25/Oct/2020:11:29:29 +0000 POST 200 /boards — QUERY:{} — BODY:{"title":"string","columns":[{"title":"string","order":0}]} 93.485 ms

2020-10-25 11:31:37 +0000 — 25/Oct/2020:11:31:37 +0000 POST 422 /boards — QUERY:{} — BODY:{"title":"string","columns":[{"title":"st","order":0}]} 6.613 ms

2020-10-25 11:31:53 +0000 — 25/Oct/2020:11:31:53 +0000 POST 422 /boards — QUERY:{} — BODY:{"title":"string","columns":[{"title":"string","order":"0"}]} 2.097 ms

2020-10-25 11:31:55 +0000 — 25/Oct/2020:11:31:55 +0000 POST 422 /boards — QUERY:{} — BODY:{"title":"string","columns":[{"title":"string","order":"0"}]} 1.236 ms

2020-10-25 11:32:42 +0000 — 25/Oct/2020:11:32:42 +0000 POST 422 /boards — QUERY:{} — BODY:{"title":"string","columns":[{"title":"stringfkdmfkdfmkd","order":0}]} 1.736 ms

2020-10-25 11:33:33 +0000 — 25/Oct/2020:11:33:33 +0000 POST 422 /boards — QUERY:{} — BODY:{"title":"string","columns":[{"title":"stringfkdmfkdfmkd","order":0}]} 7.952 ms

2020-10-25 11:33:39 +0000 — 25/Oct/2020:11:33:39 +0000 POST 422 /boards — QUERY:{} — BODY:{"title":"g","columns":[{"title":"stringfkdmfkdfmkd","order":0}]} 1.883 ms

2020-10-25 11:33:44 +0000 — 25/Oct/2020:11:33:44 +0000 POST 422 /boards — QUERY:{} — BODY:{"title":"gknkkdnfkdknfd","columns":[{"title":"stringfkdmfkdfmkd","order":0}]} 1.381 ms

2020-10-25 11:33:50 +0000 — 25/Oct/2020:11:33:50 +0000 POST 422 /boards — QUERY:{} — BODY:{"title":"gknkkdnfkdknfd","columns":[{"order":0}]} 1.758 ms

2020-10-25 11:34:29 +0000 — 25/Oct/2020:11:34:29 +0000 POST 422 /boards — QUERY:{} — BODY:{"title":"gknkkdnfkdknfd","columns":[{"order":0}]} 6.625 ms

2020-10-25 11:34:49 +0000 — 25/Oct/2020:11:34:49 +0000 POST 422 /boards — QUERY:{} — BODY:{"title":"gknkkdnfkdknfd","columns":[{"title":"string","order":0}]} 2.552 ms

2020-10-25 12:28:02 +0000 — 25/Oct/2020:12:28:02 +0000 POST 200 /boards/null/tasks — QUERY:{} — BODY:{"title":"string","order":0,"description":"string","userId":"string","boardId":"string","columnId":"string"} 114.724 ms

2020-10-25 12:28:08 +0000 — 25/Oct/2020:12:28:08 +0000 POST 422 /boards/null/tasks — QUERY:{} — BODY:{"title":"st","order":0,"description":"string","userId":"string","boardId":"string","columnId":"string"} 2.321 ms

2020-10-25 12:28:15 +0000 — 25/Oct/2020:12:28:15 +0000 POST 200 /boards/null/tasks — QUERY:{} — BODY:{"title":"strr","order":"0","description":"string","userId":"string","boardId":"string","columnId":"string"} 77.175 ms

2020-10-25 12:28:20 +0000 — 25/Oct/2020:12:28:20 +0000 POST 422 /boards/null/tasks — QUERY:{} — BODY:{"title":"strr","order":"as","description":"string","userId":"string","boardId":"string","columnId":"string"} 1.255 ms

2020-10-25 12:29:10 +0000 — 25/Oct/2020:12:29:10 +0000 POST 200 /boards/null/tasks — QUERY:{} — BODY:{"title":"strr","order":0,"description":"string","boardId":"string","columnId":"string"} 88.111 ms

2020-10-25 12:29:22 +0000 — 25/Oct/2020:12:29:22 +0000 GET 200 /boards/null/tasks — QUERY:{} — BODY:{} 311.563 ms

2020-10-25 12:31:18 +0000 — 25/Oct/2020:12:31:18 +0000 POST 422 /boards/null/tasks — QUERY:{} — BODY:{"title":"strr","order":0,"description":"string","boardId":"string","columnId":"string"} 8.223 ms

2020-10-25 12:31:39 +0000 — 25/Oct/2020:12:31:39 +0000 POST 200 /boards/null/tasks — QUERY:{} — BODY:{"title":"strr","order":0,"description":"string","userId":"string","boardId":"string","columnId":"string"} 119.605 ms

2020-10-25 12:31:52 +0000 — 25/Oct/2020:12:31:52 +0000 POST 422 /boards/null/tasks — QUERY:{} — BODY:{"title":"strr","order":0,"description":"string","userId":"string","boardId":"string"} 2.243 ms

2020-10-25 12:32:15 +0000 — 25/Oct/2020:12:32:15 +0000 POST 200 /boards/null/tasks — QUERY:{} — BODY:{"title":"strr","order":0,"description":"string","userId":"string","columnId":"string"} 310.127 ms

2020-10-25 12:32:23 +0000 — 25/Oct/2020:12:32:23 +0000 POST 200 /boards/null/tasks — QUERY:{} — BODY:{"title":"strr","order":0,"userId":"string","columnId":"string"} 94.259 ms

2020-10-25 12:32:33 +0000 — 25/Oct/2020:12:32:33 +0000 POST 422 /boards/null/tasks — QUERY:{} — BODY:{"order":0,"userId":"string","columnId":"string"} 1.909 ms

