{"Error":"uncaughtException: Oops!"}
{"Error":"uncaughtException: Oops!"}
{"Error":"uncaughtException: Oops!"}
{"Error":"unhandledRejection: Oops from Promise!"}
{"Error":"unhandledRejection: Oops from Promise!"}
{"Error":"unhandledRejection: Oops from Promise!"}
{"Error":"unhandledRejection: Oops from Promise!"}
{"Error":"unhandledRejection: Oops from Promise!"}
{"Error":"unhandledRejection: Oops from Promise!"}
{"Error":"uncaughtException: password is not defined"}
{"Error":"unhandledRejection: Oops from Promise!"}
{"Error":"unhandledRejection: Oops from Promise!"}
{"Error":"uncaughtException: split is not defined"}
{"Error":"unhandledRejection: Oops from Promise!"}
{"Error":"unhandledRejection: Oops from Promise!"}
{"Error":"unhandledRejection: Oops from Promise!"}
{"Error":"unhandledRejection: Oops from Promise!"}
{"Error":"unhandledRejection: Oops from Promise!"}
{"Error":"unhandledRejection: Oops from Promise!"}
{"Error":"unhandledRejection: Oops from Promise!"}
{"Error":"unhandledRejection: Oops from Promise!"}
{"Error":"uncaughtException: tokens.code is not a function"}
{"Error":"unhandledRejection: Oops from Promise!"}
{"Error":"unhandledRejection: Oops from Promise!"}
